INFO:root:Writing 'spam':'eggs' to 'snippets.csv'
DEBUG:root:Opening file
INFO:root:Writing 'green eggs':'ham' to 'snippets.csv'
DEBUG:root:Opening file
INFO:root:Writing 'spam':'eggs' to 'snippets.csv'
DEBUG:root:Opening file
INFO:root:Writing 'green eggs':'ham' to 'snippets.csv'
DEBUG:root:Opening file
INFO:root:Writing 'spam':'eggs' to 'snippets.csv'
DEBUG:root:Opening file
DEBUG:root:Writing snippet to file
DEBUG:root:Write sucessful
INFO:root:Writing 'green eggs':'ham' to 'snippets.csv'
DEBUG:root:Opening file
DEBUG:root:Writing snippet to file
DEBUG:root:Write sucessful
INFO:root:Starting snippets
INFO:root:Constructing parser
DEBUG:root:Constructing put subparser
INFO:root:Starting snippets
INFO:root:Constructing parser
DEBUG:root:Constructing put subparser
INFO:root:Starting snippets
INFO:root:Constructing parser
DEBUG:root:Constructing put subparser
DEBUG:root:Constructing get subparser
INFO:root:Starting snippets
INFO:root:Constructing parser
DEBUG:root:Constructing put subparser
DEBUG:root:Constructing get subparser
INFO:root:Starting snippets
INFO:root:Constructing parser
DEBUG:root:Constructing put subparser
DEBUG:root:Constructing get subparser
INFO:root:Writing spam:eggs to snippets.csv
DEBUG:root:Opening file
DEBUG:root:Writing snippet to file
DEBUG:root:Write sucessful
INFO:root:Starting snippets
INFO:root:Constructing parser
DEBUG:root:Constructing put subparser
DEBUG:root:Constructing get subparser
INFO:root:Retrieving spam from snippets.csv
DEBUG:root:Opening file
DEBUG:root:Retrieving snippet from spam
DEBUG:root:Read successful
INFO:root:Starting snippets
INFO:root:Constructing parser
DEBUG:root:Constructing put subparser
DEBUG:root:Constructing get subparser
INFO:root:Writing list comprehension:[item for item in items] to python-notes.csv
DEBUG:root:Opening file
DEBUG:root:Writing snippet to file
DEBUG:root:Write sucessful
INFO:root:Starting snippets
INFO:root:Constructing parser
DEBUG:root:Constructing put subparser
DEBUG:root:Constructing get subparser
INFO:root:Retrieving list comprehension from python-notes.csv
DEBUG:root:Opening file
DEBUG:root:Retrieving snippet from list comprehension
DEBUG:root:Read successful
INFO:root:Starting snippets
INFO:root:Constructing parser
DEBUG:root:Constructing put subparser
DEBUG:root:Constructing get subparser
INFO:root:Retrieving nonexistent from snippets.csv
DEBUG:root:Opening file
DEBUG:root:Retrieving snippet from nonexistent
INFO:root:Starting snippets
INFO:root:Constructing parser
DEBUG:root:Constructing put subparser
DEBUG:root:Constructing get subparser
INFO:root:Writing spam:eggs to snippets.csv
DEBUG:root:Opening file
DEBUG:root:Writing snippet to file
DEBUG:root:Write sucessful
INFO:root:Starting snippets
INFO:root:Constructing parser
DEBUG:root:Constructing put subparser
DEBUG:root:Constructing get subparser
INFO:root:Retrieving spam from snippets.csv
DEBUG:root:Opening file
DEBUG:root:Retrieving snippet from spam
DEBUG:root:Read successful
INFO:root:Starting snippets
INFO:root:Constructing parser
DEBUG:root:Constructing put subparser
DEBUG:root:Constructing get subparser
INFO:root:Writing list comprehension:[item for item in items] to python-notes.csv
DEBUG:root:Opening file
DEBUG:root:Writing snippet to file
DEBUG:root:Write sucessful
INFO:root:Starting snippets
INFO:root:Constructing parser
DEBUG:root:Constructing put subparser
DEBUG:root:Constructing get subparser
INFO:root:Retrieving list comprehension from python-notes.csv
DEBUG:root:Opening file
DEBUG:root:Retrieving snippet from list comprehension
DEBUG:root:Read successful
INFO:root:Starting snippets
INFO:root:Constructing parser
DEBUG:root:Constructing put subparser
DEBUG:root:Constructing get subparser
INFO:root:Retrieving nonexistent from snippets.csv
DEBUG:root:Opening file
DEBUG:root:Retrieving snippet from nonexistent
INFO:root:Starting snippets
INFO:root:Constructing parser
DEBUG:root:Constructing put subparser
DEBUG:root:Constructing get subparser
INFO:root:Retrieving nonexistent from snippets.csv
DEBUG:root:Opening file
DEBUG:root:Retrieving snippet from nonexistent
INFO:root:Starting snippets
INFO:root:Constructing parser
DEBUG:root:Constructing put subparser
DEBUG:root:Constructing get subparser
INFO:root:Retrieving nonexistent from snippets.csv
DEBUG:root:Opening file
DEBUG:root:Retrieving snippet from nonexistent
